<?xml version="1.0" encoding="UTF-8" ?>
<testsuite failures="0" time="0.25" errors="0" skipped="0" tests="1" name="br.com.integrator.AppTest">
  <properties>
    <property name="java.runtime.name" value="Java(TM) SE Runtime Environment"/>
    <property name="sun.boot.library.path" value="C:\Arquivos de programas\Java\jre6\bin"/>
    <property name="java.vm.version" value="17.0-b17"/>
    <property name="java.vm.vendor" value="Sun Microsystems Inc."/>
    <property name="java.vendor.url" value="http://java.sun.com/"/>
    <property name="path.separator" value=";"/>
    <property name="java.vm.name" value="Java HotSpot(TM) Client VM"/>
    <property name="file.encoding.pkg" value="sun.io"/>
    <property name="user.country" value="BR"/>
    <property name="sun.java.launcher" value="SUN_STANDARD"/>
    <property name="sun.os.patch.level" value="Service Pack 2"/>
    <property name="java.vm.specification.name" value="Java Virtual Machine Specification"/>
    <property name="user.dir" value="C:\Workspace\Ecommerce\ecommerce_model"/>
    <property name="java.runtime.version" value="1.6.0_21-b07"/>
    <property name="java.awt.graphicsenv" value="sun.awt.Win32GraphicsEnvironment"/>
    <property name="basedir" value="C:\Workspace\Ecommerce\ecommerce_model"/>
    <property name="java.endorsed.dirs" value="C:\Arquivos de programas\Java\jre6\lib\endorsed"/>
    <property name="os.arch" value="x86"/>
    <property name="surefire.real.class.path" value="C:\Workspace\Ecommerce\ecommerce_model\target\surefire\surefirebooter3428075326200948107.jar"/>
    <property name="java.io.tmpdir" value="C:\DOCUME~1\gilson\CONFIG~1\Temp\"/>
    <property name="line.separator" value="
"/>
    <property name="java.vm.specification.vendor" value="Sun Microsystems Inc."/>
    <property name="user.variant" value=""/>
    <property name="os.name" value="Windows XP"/>
    <property name="sun.jnu.encoding" value="Cp1252"/>
    <property name="java.library.path" value="C:\Arquivos de programas\Java\jre6\bin;.;C:\WINDOWS\Sun\Java\bin;C:\WINDOWS\system32;C:\WINDOWS;C:/Arquivos de programas/Java/jre6/bin/client;C:/Arquivos de programas/Java/jre6/bin;C:/Arquivos de programas/Java/jre6/lib/i386;C:\WINDOWS\system32;C:\WINDOWS;C:\WINDOWS\System32\Wbem;C:\Servidor_De_Internet\Subversion\bin;M2_HOME\bin;C:\Arquivos de programas\Java\jdk1.6.0_21\bin;C:\Arquivos de programas\Apache Software Foundation\apache-maven-3.0.3\bin;C:\eclipse;"/>
    <property name="surefire.test.class.path" value="C:\Workspace\Ecommerce\ecommerce_model\target\test-classes;C:\Workspace\Ecommerce\ecommerce_model\target\classes;C:\Documents and Settings\gilson\.m2\repository\org\hibernate\hibernate\3.2.5.ga\hibernate-3.2.5.ga.jar;C:\Documents and Settings\gilson\.m2\repository\net\sf\ehcache\ehcache\1.2.3\ehcache-1.2.3.jar;C:\Documents and Settings\gilson\.m2\repository\javax\transaction\jta\1.0.1B\jta-1.0.1B.jar;C:\Documents and Settings\gilson\.m2\repository\commons-logging\commons-logging\1.0.4\commons-logging-1.0.4.jar;C:\Documents and Settings\gilson\.m2\repository\asm\asm-attrs\1.5.3\asm-attrs-1.5.3.jar;C:\Documents and Settings\gilson\.m2\repository\dom4j\dom4j\1.6.1\dom4j-1.6.1.jar;C:\Documents and Settings\gilson\.m2\repository\antlr\antlr\2.7.6\antlr-2.7.6.jar;C:\Documents and Settings\gilson\.m2\repository\cglib\cglib\2.1_3\cglib-2.1_3.jar;C:\Documents and Settings\gilson\.m2\repository\asm\asm\1.5.3\asm-1.5.3.jar;C:\Documents and Settings\gilson\.m2\repository\commons-collections\commons-collections\2.1.1\commons-collections-2.1.1.jar;C:\Documents and Settings\gilson\.m2\repository\hibernate-annotations\hibernate-annotations\3.3.0.GA\hibernate-annotations-3.3.0.GA.jar;C:\Documents and Settings\gilson\.m2\repository\org\hibernate\ejb3-persistence\1.0.2.GA\ejb3-persistence-1.0.2.GA.jar;C:\Documents and Settings\gilson\.m2\repository\hibernate-entitymanager\hibernate-entitymanager\3.3.1.GA\hibernate-entitymanager-3.3.1.GA.jar;C:\Documents and Settings\gilson\.m2\repository\jboss\jboss-archive-browsing\2.0.2.alpha\jboss-archive-browsing-2.0.2.alpha.jar;C:\Documents and Settings\gilson\.m2\repository\hibernate-commons-annotations\hibernate-commons-annotations\3.0.0.GA\hibernate-commons-annotations-3.0.0.GA.jar;C:\Documents and Settings\gilson\.m2\repository\c3p0\c3p0\0.9.1.2\c3p0-0.9.1.2.jar;C:\Documents and Settings\gilson\.m2\repository\cglib\cglib-nodep\2.1_3\cglib-nodep-2.1_3.jar;C:\Documents and Settings\gilson\.m2\repository\javassist\javassist\3.4.GA\javassist-3.4.GA.jar;C:\Documents and Settings\gilson\.m2\repository\org\hibernate\hibernate-validator\3.0.0.GA\hibernate-validator-3.0.0.GA.jar;C:\Documents and Settings\gilson\.m2\repository\log4j\log4j\1.2.16\log4j-1.2.16.jar;C:\Documents and Settings\gilson\.m2\repository\org\springframework\spring\2.5.6.SEC03\spring-2.5.6.SEC03.jar;C:\Documents and Settings\gilson\.m2\repository\org\springframework\spring-test\2.5.6\spring-test-2.5.6.jar;C:\Documents and Settings\gilson\.m2\repository\junit\junit\4.4\junit-4.4.jar;C:\Documents and Settings\gilson\.m2\repository\mysql\mysql-connector-java\5.1.5\mysql-connector-java-5.1.5.jar;"/>
    <property name="java.specification.name" value="Java Platform API Specification"/>
    <property name="java.class.version" value="50.0"/>
    <property name="sun.management.compiler" value="HotSpot Client Compiler"/>
    <property name="os.version" value="5.1"/>
    <property name="user.home" value="C:\Documents and Settings\gilson"/>
    <property name="user.timezone" value=""/>
    <property name="java.awt.printerjob" value="sun.awt.windows.WPrinterJob"/>
    <property name="java.specification.version" value="1.6"/>
    <property name="file.encoding" value="Cp1252"/>
    <property name="user.name" value="gilson"/>
    <property name="java.class.path" value="C:\Workspace\Ecommerce\ecommerce_model\target\test-classes;C:\Workspace\Ecommerce\ecommerce_model\target\classes;C:\Documents and Settings\gilson\.m2\repository\org\hibernate\hibernate\3.2.5.ga\hibernate-3.2.5.ga.jar;C:\Documents and Settings\gilson\.m2\repository\net\sf\ehcache\ehcache\1.2.3\ehcache-1.2.3.jar;C:\Documents and Settings\gilson\.m2\repository\javax\transaction\jta\1.0.1B\jta-1.0.1B.jar;C:\Documents and Settings\gilson\.m2\repository\commons-logging\commons-logging\1.0.4\commons-logging-1.0.4.jar;C:\Documents and Settings\gilson\.m2\repository\asm\asm-attrs\1.5.3\asm-attrs-1.5.3.jar;C:\Documents and Settings\gilson\.m2\repository\dom4j\dom4j\1.6.1\dom4j-1.6.1.jar;C:\Documents and Settings\gilson\.m2\repository\antlr\antlr\2.7.6\antlr-2.7.6.jar;C:\Documents and Settings\gilson\.m2\repository\cglib\cglib\2.1_3\cglib-2.1_3.jar;C:\Documents and Settings\gilson\.m2\repository\asm\asm\1.5.3\asm-1.5.3.jar;C:\Documents and Settings\gilson\.m2\repository\commons-collections\commons-collections\2.1.1\commons-collections-2.1.1.jar;C:\Documents and Settings\gilson\.m2\repository\hibernate-annotations\hibernate-annotations\3.3.0.GA\hibernate-annotations-3.3.0.GA.jar;C:\Documents and Settings\gilson\.m2\repository\org\hibernate\ejb3-persistence\1.0.2.GA\ejb3-persistence-1.0.2.GA.jar;C:\Documents and Settings\gilson\.m2\repository\hibernate-entitymanager\hibernate-entitymanager\3.3.1.GA\hibernate-entitymanager-3.3.1.GA.jar;C:\Documents and Settings\gilson\.m2\repository\jboss\jboss-archive-browsing\2.0.2.alpha\jboss-archive-browsing-2.0.2.alpha.jar;C:\Documents and Settings\gilson\.m2\repository\hibernate-commons-annotations\hibernate-commons-annotations\3.0.0.GA\hibernate-commons-annotations-3.0.0.GA.jar;C:\Documents and Settings\gilson\.m2\repository\c3p0\c3p0\0.9.1.2\c3p0-0.9.1.2.jar;C:\Documents and Settings\gilson\.m2\repository\cglib\cglib-nodep\2.1_3\cglib-nodep-2.1_3.jar;C:\Documents and Settings\gilson\.m2\repository\javassist\javassist\3.4.GA\javassist-3.4.GA.jar;C:\Documents and Settings\gilson\.m2\repository\org\hibernate\hibernate-validator\3.0.0.GA\hibernate-validator-3.0.0.GA.jar;C:\Documents and Settings\gilson\.m2\repository\log4j\log4j\1.2.16\log4j-1.2.16.jar;C:\Documents and Settings\gilson\.m2\repository\org\springframework\spring\2.5.6.SEC03\spring-2.5.6.SEC03.jar;C:\Documents and Settings\gilson\.m2\repository\org\springframework\spring-test\2.5.6\spring-test-2.5.6.jar;C:\Documents and Settings\gilson\.m2\repository\junit\junit\4.4\junit-4.4.jar;C:\Documents and Settings\gilson\.m2\repository\mysql\mysql-connector-java\5.1.5\mysql-connector-java-5.1.5.jar;"/>
    <property name="java.vm.specification.version" value="1.0"/>
    <property name="sun.arch.data.model" value="32"/>
    <property name="java.home" value="C:\Arquivos de programas\Java\jre6"/>
    <property name="java.specification.vendor" value="Sun Microsystems Inc."/>
    <property name="user.language" value="pt"/>
    <property name="awt.toolkit" value="sun.awt.windows.WToolkit"/>
    <property name="java.vm.info" value="mixed mode, sharing"/>
    <property name="java.version" value="1.6.0_21"/>
    <property name="java.ext.dirs" value="C:\Arquivos de programas\Java\jre6\lib\ext;C:\WINDOWS\Sun\Java\lib\ext"/>
    <property name="sun.boot.class.path" value="C:\Arquivos de programas\Java\jre6\lib\resources.jar;C:\Arquivos de programas\Java\jre6\lib\rt.jar;C:\Arquivos de programas\Java\jre6\lib\sunrsasign.jar;C:\Arquivos de programas\Java\jre6\lib\jsse.jar;C:\Arquivos de programas\Java\jre6\lib\jce.jar;C:\Arquivos de programas\Java\jre6\lib\charsets.jar;C:\Arquivos de programas\Java\jre6\classes"/>
    <property name="java.vendor" value="Sun Microsystems Inc."/>
    <property name="localRepository" value="C:\Documents and Settings\gilson\.m2\repository"/>
    <property name="file.separator" value="\"/>
    <property name="java.vendor.url.bug" value="http://java.sun.com/cgi-bin/bugreport.cgi"/>
    <property name="sun.cpu.endian" value="little"/>
    <property name="sun.io.unicode.encoding" value="UnicodeLittle"/>
    <property name="sun.desktop" value="windows"/>
    <property name="sun.cpu.isalist" value="pentium_pro+mmx pentium_pro pentium+mmx pentium i486 i386 i86"/>
  </properties>
  <testcase time="0" classname="br.com.integrator.AppTest" name="testApp"/>
</testsuite>