<?xml version="1.0" encoding="UTF-8" ?>
<testsuite failures="0" time="0" errors="0" skipped="0" tests="5" name="br.com.integrator.test.dao.DaoSupportTest">
  <properties>
    <property name="java.runtime.name" value="Java(TM) SE Runtime Environment"/>
    <property name="sun.boot.library.path" value="C:\Arquivos de programas\Java\jre6\bin"/>
    <property name="java.vm.version" value="17.0-b17"/>
    <property name="java.vm.vendor" value="Sun Microsystems Inc."/>
    <property name="java.vendor.url" value="http://java.sun.com/"/>
    <property name="path.separator" value=";"/>
    <property name="guice.disable.misplaced.annotation.check" value="true"/>
    <property name="java.vm.name" value="Java HotSpot(TM) Client VM"/>
    <property name="file.encoding.pkg" value="sun.io"/>
    <property name="user.country" value="BR"/>
    <property name="sun.java.launcher" value="SUN_STANDARD"/>
    <property name="sun.os.patch.level" value="Service Pack 2"/>
    <property name="java.vm.specification.name" value="Java Virtual Machine Specification"/>
    <property name="user.dir" value="C:\Workspace\Ecommerce\ecommerce_model"/>
    <property name="java.runtime.version" value="1.6.0_21-b07"/>
    <property name="java.awt.graphicsenv" value="sun.awt.Win32GraphicsEnvironment"/>
    <property name="java.endorsed.dirs" value="C:\Arquivos de programas\Java\jre6\lib\endorsed"/>
    <property name="os.arch" value="x86"/>
    <property name="java.io.tmpdir" value="C:\DOCUME~1\gilson\CONFIG~1\Temp\"/>
    <property name="line.separator" value="
"/>
    <property name="java.vm.specification.vendor" value="Sun Microsystems Inc."/>
    <property name="user.variant" value=""/>
    <property name="os.name" value="Windows XP"/>
    <property name="classworlds.conf" value="C:\Workspace\Ecommerce\.metadata\.plugins\org.maven.ide.eclipse\launches\m2conf1437413289462685099.tmp"/>
    <property name="sun.jnu.encoding" value="Cp1252"/>
    <property name="java.library.path" value="C:\Arquivos de programas\Java\jre6\bin;.;C:\WINDOWS\Sun\Java\bin;C:\WINDOWS\system32;C:\WINDOWS;C:/Arquivos de programas/Java/jre6/bin/client;C:/Arquivos de programas/Java/jre6/bin;C:/Arquivos de programas/Java/jre6/lib/i386;C:\WINDOWS\system32;C:\WINDOWS;C:\WINDOWS\System32\Wbem;C:\Servidor_De_Internet\Subversion\bin;M2_HOME\bin;C:\Arquivos de programas\Java\jdk1.6.0_21\bin;C:\Arquivos de programas\Apache Software Foundation\apache-maven-3.0.3\bin;C:\eclipse;"/>
    <property name="java.specification.name" value="Java Platform API Specification"/>
    <property name="java.class.version" value="50.0"/>
    <property name="sun.management.compiler" value="HotSpot Client Compiler"/>
    <property name="os.version" value="5.1"/>
    <property name="user.home" value="C:\Documents and Settings\gilson"/>
    <property name="user.timezone" value="America/Sao_Paulo"/>
    <property name="java.awt.printerjob" value="sun.awt.windows.WPrinterJob"/>
    <property name="file.encoding" value="Cp1252"/>
    <property name="java.specification.version" value="1.6"/>
    <property name="user.name" value="gilson"/>
    <property name="java.class.path" value="/C:/eclipse/plugins/org.maven.ide.eclipse.maven_embedder_0.12.1.20110112-1712/jars/plexus-classworlds-2.4.jar"/>
    <property name="java.vm.specification.version" value="1.0"/>
    <property name="sun.arch.data.model" value="32"/>
    <property name="java.home" value="C:\Arquivos de programas\Java\jre6"/>
    <property name="java.specification.vendor" value="Sun Microsystems Inc."/>
    <property name="user.language" value="pt"/>
    <property name="awt.toolkit" value="sun.awt.windows.WToolkit"/>
    <property name="java.vm.info" value="mixed mode, sharing"/>
    <property name="java.version" value="1.6.0_21"/>
    <property name="java.ext.dirs" value="C:\Arquivos de programas\Java\jre6\lib\ext;C:\WINDOWS\Sun\Java\lib\ext"/>
    <property name="sun.boot.class.path" value="C:\Arquivos de programas\Java\jre6\lib\resources.jar;C:\Arquivos de programas\Java\jre6\lib\rt.jar;C:\Arquivos de programas\Java\jre6\lib\sunrsasign.jar;C:\Arquivos de programas\Java\jre6\lib\jsse.jar;C:\Arquivos de programas\Java\jre6\lib\jce.jar;C:\Arquivos de programas\Java\jre6\lib\charsets.jar;C:\Arquivos de programas\Java\jre6\classes"/>
    <property name="java.vendor" value="Sun Microsystems Inc."/>
    <property name="maven.home" value="C:\Workspace\Ecommerce\ecommerce_model\EMBEDDED"/>
    <property name="file.separator" value="\"/>
    <property name="java.vendor.url.bug" value="http://java.sun.com/cgi-bin/bugreport.cgi"/>
    <property name="sun.cpu.endian" value="little"/>
    <property name="sun.io.unicode.encoding" value="UnicodeLittle"/>
    <property name="sun.desktop" value="windows"/>
    <property name="sun.cpu.isalist" value="pentium_pro+mmx pentium_pro pentium+mmx pentium i486 i386 i86"/>
  </properties>
  <testcase time="0" classname="br.com.integrator.test.dao.DaoSupportTest" name="testFindByPrimaryKey"/>
  <testcase time="0" classname="br.com.integrator.test.dao.DaoSupportTest" name="testSaveInsert"/>
  <testcase time="0" classname="br.com.integrator.test.dao.DaoSupportTest" name="testSaveUpdate"/>
  <testcase time="0" classname="br.com.integrator.test.dao.DaoSupportTest" name="testDeleteDetached"/>
  <testcase time="0" classname="br.com.integrator.test.dao.DaoSupportTest" name="testDeleteManaged"/>
</testsuite>